.F.F.F.F.F.E.F.F.F.F.F.F.F.F.F.F.E.E.E.E.E.F.F.F.F.F.F.F.F.F..F.F.F.F.F.F.F.F.F.
F.F
Time: 0.037
There were 6 errors:
1) testShortestPathBaseCases(MazeRunnerTest)java.lang.ArrayIndexOutOfBoundsException: -1
	at MazeRunner.shortestPath(MazeRunner.java:81)
	at MazeRunnerTest.testShortestPathBaseCases(MazeRunnerTest.java:77)
	at sun.reflect.NativeMethodAccessorImpl.invoke0(Native Method)
	at sun.reflect.NativeMethodAccessorImpl.invoke(NativeMethodAccessorImpl.java:57)
	at sun.reflect.DelegatingMethodAccessorImpl.invoke(DelegatingMethodAccessorImpl.java:43)
	at Autograder.main(Autograder.java:32)
2) testDoNothing(RecursiveKnightTest)java.lang.RuntimeException: Not yet Implemented!
	at RecursiveKnight.explore(RecursiveKnight.java:32)
	at RecursiveKnightTest.testDoNothing(RecursiveKnightTest.java:17)
	at sun.reflect.NativeMethodAccessorImpl.invoke0(Native Method)
	at sun.reflect.NativeMethodAccessorImpl.invoke(NativeMethodAccessorImpl.java:57)
	at sun.reflect.DelegatingMethodAccessorImpl.invoke(DelegatingMethodAccessorImpl.java:43)
	at Autograder.main(Autograder.java:32)
3) testKnightMove(RecursiveKnightTest)java.lang.RuntimeException: Not yet Implemented!
	at RecursiveKnight.explore(RecursiveKnight.java:32)
	at RecursiveKnightTest.testKnightMove(RecursiveKnightTest.java:28)
	at sun.reflect.NativeMethodAccessorImpl.invoke0(Native Method)
	at sun.reflect.NativeMethodAccessorImpl.invoke(NativeMethodAccessorImpl.java:57)
	at sun.reflect.DelegatingMethodAccessorImpl.invoke(DelegatingMethodAccessorImpl.java:43)
	at Autograder.main(Autograder.java:32)
4) testKnightMoveDepth2(RecursiveKnightTest)java.lang.RuntimeException: Not yet Implemented!
	at RecursiveKnight.explore(RecursiveKnight.java:32)
	at RecursiveKnightTest.testKnightMoveDepth2(RecursiveKnightTest.java:50)
	at sun.reflect.NativeMethodAccessorImpl.invoke0(Native Method)
	at sun.reflect.NativeMethodAccessorImpl.invoke(NativeMethodAccessorImpl.java:57)
	at sun.reflect.DelegatingMethodAccessorImpl.invoke(DelegatingMethodAccessorImpl.java:43)
	at Autograder.main(Autograder.java:32)
5) testKnightMoveDepth3(RecursiveKnightTest)java.lang.RuntimeException: Not yet Implemented!
	at RecursiveKnight.explore(RecursiveKnight.java:32)
	at RecursiveKnightTest.testKnightMoveDepth3(RecursiveKnightTest.java:62)
	at sun.reflect.NativeMethodAccessorImpl.invoke0(Native Method)
	at sun.reflect.NativeMethodAccessorImpl.invoke(NativeMethodAccessorImpl.java:57)
	at sun.reflect.DelegatingMethodAccessorImpl.invoke(DelegatingMethodAccessorImpl.java:43)
	at Autograder.main(Autograder.java:32)
6) testKnightMoveDepth10(RecursiveKnightTest)java.lang.RuntimeException: Not yet Implemented!
	at RecursiveKnight.explore(RecursiveKnight.java:32)
	at RecursiveKnightTest.testKnightMoveDepth10(RecursiveKnightTest.java:74)
	at sun.reflect.NativeMethodAccessorImpl.invoke0(Native Method)
	at sun.reflect.NativeMethodAccessorImpl.invoke(NativeMethodAccessorImpl.java:57)
	at sun.reflect.DelegatingMethodAccessorImpl.invoke(DelegatingMethodAccessorImpl.java:43)
	at Autograder.main(Autograder.java:32)
There were 35 failures:
1) testMazeRunnerConstructor(MazeRunnerTest)junit.framework.AssertionFailedError: expected:<2> but was:<0>
	at MazeRunnerTest.testMazeRunnerConstructor(MazeRunnerTest.java:12)
	at sun.reflect.NativeMethodAccessorImpl.invoke0(Native Method)
	at sun.reflect.NativeMethodAccessorImpl.invoke(NativeMethodAccessorImpl.java:57)
	at sun.reflect.DelegatingMethodAccessorImpl.invoke(DelegatingMethodAccessorImpl.java:43)
	at Autograder.main(Autograder.java:32)
2) testMoveOne(MazeRunnerTest)junit.framework.AssertionFailedError: expected:<10> but was:<0>
	at MazeRunnerTest.testMoveOne(MazeRunnerTest.java:18)
	at sun.reflect.NativeMethodAccessorImpl.invoke0(Native Method)
	at sun.reflect.NativeMethodAccessorImpl.invoke(NativeMethodAccessorImpl.java:57)
	at sun.reflect.DelegatingMethodAccessorImpl.invoke(DelegatingMethodAccessorImpl.java:43)
	at Autograder.main(Autograder.java:32)
3) testSafeStringLength(MazeRunnerTest)junit.framework.AssertionFailedError: expected:<0> but was:<-1>
	at MazeRunnerTest.testSafeStringLength(MazeRunnerTest.java:38)
	at sun.reflect.NativeMethodAccessorImpl.invoke0(Native Method)
	at sun.reflect.NativeMethodAccessorImpl.invoke(NativeMethodAccessorImpl.java:57)
	at sun.reflect.DelegatingMethodAccessorImpl.invoke(DelegatingMethodAccessorImpl.java:43)
	at Autograder.main(Autograder.java:32)
4) testCaught(MazeRunnerTest)junit.framework.AssertionFailedError
	at MazeRunnerTest.testCaught(MazeRunnerTest.java:55)
	at sun.reflect.NativeMethodAccessorImpl.invoke0(Native Method)
	at sun.reflect.NativeMethodAccessorImpl.invoke(NativeMethodAccessorImpl.java:57)
	at sun.reflect.DelegatingMethodAccessorImpl.invoke(DelegatingMethodAccessorImpl.java:43)
	at Autograder.main(Autograder.java:32)
5) testShortestString(MazeRunnerTest)junit.framework.AssertionFailedError: expected:<3> but was:<-1>
	at MazeRunnerTest.testShortestString(MazeRunnerTest.java:67)
	at sun.reflect.NativeMethodAccessorImpl.invoke0(Native Method)
	at sun.reflect.NativeMethodAccessorImpl.invoke(NativeMethodAccessorImpl.java:57)
	at sun.reflect.DelegatingMethodAccessorImpl.invoke(DelegatingMethodAccessorImpl.java:43)
	at Autograder.main(Autograder.java:32)
6) testShortestPathSimple(MazeRunnerTest)junit.framework.AssertionFailedError: expected:<4> but was:<9>
	at MazeRunnerTest.testShortestPathSimple(MazeRunnerTest.java:101)
	at sun.reflect.NativeMethodAccessorImpl.invoke0(Native Method)
	at sun.reflect.NativeMethodAccessorImpl.invoke(NativeMethodAccessorImpl.java:57)
	at sun.reflect.DelegatingMethodAccessorImpl.invoke(DelegatingMethodAccessorImpl.java:43)
	at Autograder.main(Autograder.java:32)
7) testShortestPathWithMaze1NullPath(MazeRunnerTest)junit.framework.AssertionFailedError
	at MazeRunnerTest.testShortestPathWithMaze1NullPath(MazeRunnerTest.java:118)
	at sun.reflect.NativeMethodAccessorImpl.invoke0(Native Method)
	at sun.reflect.NativeMethodAccessorImpl.invoke(NativeMethodAccessorImpl.java:57)
	at sun.reflect.DelegatingMethodAccessorImpl.invoke(DelegatingMethodAccessorImpl.java:43)
	at Autograder.main(Autograder.java:32)
8) testShortestPathWithMaze2Paths(MazeRunnerTest)junit.framework.ComparisonFailure: expected:<[NEEESSW]> but was:<[run away!]>
	at MazeRunnerTest.testShortestPathWithMaze2Paths(MazeRunnerTest.java:133)
	at sun.reflect.NativeMethodAccessorImpl.invoke0(Native Method)
	at sun.reflect.NativeMethodAccessorImpl.invoke(NativeMethodAccessorImpl.java:57)
	at sun.reflect.DelegatingMethodAccessorImpl.invoke(DelegatingMethodAccessorImpl.java:43)
	at Autograder.main(Autograder.java:32)
9) testShortestPathWithBlockedMaze(MazeRunnerTest)junit.framework.AssertionFailedError
	at MazeRunnerTest.testShortestPathWithBlockedMaze(MazeRunnerTest.java:145)
	at sun.reflect.NativeMethodAccessorImpl.invoke0(Native Method)
	at sun.reflect.NativeMethodAccessorImpl.invoke(NativeMethodAccessorImpl.java:57)
	at sun.reflect.DelegatingMethodAccessorImpl.invoke(DelegatingMethodAccessorImpl.java:43)
	at Autograder.main(Autograder.java:32)
10) testChase(MazeRunnerTest)junit.framework.AssertionFailedError
	at MazeRunnerTest.testChase(MazeRunnerTest.java:155)
	at sun.reflect.NativeMethodAccessorImpl.invoke0(Native Method)
	at sun.reflect.NativeMethodAccessorImpl.invoke(NativeMethodAccessorImpl.java:57)
	at sun.reflect.DelegatingMethodAccessorImpl.invoke(DelegatingMethodAccessorImpl.java:43)
	at Autograder.main(Autograder.java:32)
11) testShortestPathWithRealMaze(MazeRunnerTest)junit.framework.ComparisonFailure: expected:<[NEEESSW]> but was:<[run away!]>
	at MazeRunnerTest.testShortestPathWithRealMaze(MazeRunnerTest.java:178)
	at sun.reflect.NativeMethodAccessorImpl.invoke0(Native Method)
	at sun.reflect.NativeMethodAccessorImpl.invoke(NativeMethodAccessorImpl.java:57)
	at sun.reflect.DelegatingMethodAccessorImpl.invoke(DelegatingMethodAccessorImpl.java:43)
	at Autograder.main(Autograder.java:32)
12) testSwap(MolecularSortTest)junit.framework.AssertionFailedError: expected:<11.0> but was:<1328.0>
	at MolecularSortTest.assertEquals(MolecularSortTest.java:46)
	at MolecularSortTest.assertEquals(MolecularSortTest.java:51)
	at MolecularSortTest.testSwap(MolecularSortTest.java:40)
	at sun.reflect.NativeMethodAccessorImpl.invoke0(Native Method)
	at sun.reflect.NativeMethodAccessorImpl.invoke(NativeMethodAccessorImpl.java:57)
	at sun.reflect.DelegatingMethodAccessorImpl.invoke(DelegatingMethodAccessorImpl.java:43)
	at Autograder.main(Autograder.java:32)
13) testRecursiveSort(MolecularSortTest)junit.framework.AssertionFailedError: expected:<17.0> but was:<20.0>
	at MolecularSortTest.assertEquals(MolecularSortTest.java:46)
	at MolecularSortTest.assertEquals(MolecularSortTest.java:51)
	at MolecularSortTest.testRecursiveSort(MolecularSortTest.java:24)
	at sun.reflect.NativeMethodAccessorImpl.invoke0(Native Method)
	at sun.reflect.NativeMethodAccessorImpl.invoke(NativeMethodAccessorImpl.java:57)
	at sun.reflect.DelegatingMethodAccessorImpl.invoke(DelegatingMethodAccessorImpl.java:43)
	at Autograder.main(Autograder.java:32)
14) testFindIndexOfZMinimum(MolecularSortTest)junit.framework.AssertionFailedError: expected:<5> but was:<0>
	at MolecularSortTest.testFindIndexOfZMinimum(MolecularSortTest.java:30)
	at sun.reflect.NativeMethodAccessorImpl.invoke0(Native Method)
	at sun.reflect.NativeMethodAccessorImpl.invoke(NativeMethodAccessorImpl.java:57)
	at sun.reflect.DelegatingMethodAccessorImpl.invoke(DelegatingMethodAccessorImpl.java:43)
	at Autograder.main(Autograder.java:32)
15) testSortCoordsByZ(MolecularSortTest)junit.framework.AssertionFailedError: expected:<11.0> but was:<10.0>
	at MolecularSortTest.assertEquals(MolecularSortTest.java:46)
	at MolecularSortTest.assertEquals(MolecularSortTest.java:51)
	at MolecularSortTest.testSortCoordsByZ(MolecularSortTest.java:15)
	at sun.reflect.NativeMethodAccessorImpl.invoke0(Native Method)
	at sun.reflect.NativeMethodAccessorImpl.invoke(NativeMethodAccessorImpl.java:57)
	at sun.reflect.DelegatingMethodAccessorImpl.invoke(DelegatingMethodAccessorImpl.java:43)
	at Autograder.main(Autograder.java:32)
16) testAuthorshipOfAllFiles(RecursiveKnightTest)junit.framework.AssertionFailedError: Fix @authorship in MazeRunner.java MolecularSort.java RecursiveKnight.java
	at RecursiveKnightTest.testAuthorshipOfAllFiles(RecursiveKnightTest.java:97)
	at sun.reflect.NativeMethodAccessorImpl.invoke0(Native Method)
	at sun.reflect.NativeMethodAccessorImpl.invoke(NativeMethodAccessorImpl.java:57)
	at sun.reflect.DelegatingMethodAccessorImpl.invoke(DelegatingMethodAccessorImpl.java:43)
	at Autograder.main(Autograder.java:32)
17) testSearch(BinarySearchTest)junit.framework.AssertionFailedError
	at BinarySearchTest.testSearch(BinarySearchTest.java:27)
	at sun.reflect.NativeMethodAccessorImpl.invoke0(Native Method)
	at sun.reflect.NativeMethodAccessorImpl.invoke(NativeMethodAccessorImpl.java:57)
	at sun.reflect.DelegatingMethodAccessorImpl.invoke(DelegatingMethodAccessorImpl.java:43)
	at Autograder.main(Autograder.java:32)
18) testPartialSearch(BinarySearchTest)junit.framework.AssertionFailedError
	at BinarySearchTest.testPartialSearch(BinarySearchTest.java:37)
	at sun.reflect.NativeMethodAccessorImpl.invoke0(Native Method)
	at sun.reflect.NativeMethodAccessorImpl.invoke(NativeMethodAccessorImpl.java:57)
	at sun.reflect.DelegatingMethodAccessorImpl.invoke(DelegatingMethodAccessorImpl.java:43)
	at Autograder.main(Autograder.java:32)
19) testSearchWrapper(BinarySearchTest)junit.framework.AssertionFailedError: Expected to find 1
	at BinarySearchTest.testSearchWrapper(BinarySearchTest.java:14)
	at sun.reflect.NativeMethodAccessorImpl.invoke0(Native Method)
	at sun.reflect.NativeMethodAccessorImpl.invoke(NativeMethodAccessorImpl.java:57)
	at sun.reflect.DelegatingMethodAccessorImpl.invoke(DelegatingMethodAccessorImpl.java:43)
	at Autograder.main(Autograder.java:32)
20) testBaseCases(GridCountingTest)junit.framework.AssertionFailedError: expected:<1> but was:<57>
	at GridCountingTest.testBaseCases(GridCountingTest.java:10)
	at sun.reflect.NativeMethodAccessorImpl.invoke0(Native Method)
	at sun.reflect.NativeMethodAccessorImpl.invoke(NativeMethodAccessorImpl.java:57)
	at sun.reflect.DelegatingMethodAccessorImpl.invoke(DelegatingMethodAccessorImpl.java:43)
	at Autograder.main(Autograder.java:32)
21) testOneStepAway(GridCountingTest)junit.framework.AssertionFailedError: expected:<1> but was:<57>
	at GridCountingTest.testOneStepAway(GridCountingTest.java:18)
	at sun.reflect.NativeMethodAccessorImpl.invoke0(Native Method)
	at sun.reflect.NativeMethodAccessorImpl.invoke(NativeMethodAccessorImpl.java:57)
	at sun.reflect.DelegatingMethodAccessorImpl.invoke(DelegatingMethodAccessorImpl.java:43)
	at Autograder.main(Autograder.java:32)
22) testTwoStepsAway(GridCountingTest)junit.framework.AssertionFailedError: expected:<2> but was:<57>
	at GridCountingTest.testTwoStepsAway(GridCountingTest.java:25)
	at sun.reflect.NativeMethodAccessorImpl.invoke0(Native Method)
	at sun.reflect.NativeMethodAccessorImpl.invoke(NativeMethodAccessorImpl.java:57)
	at sun.reflect.DelegatingMethodAccessorImpl.invoke(DelegatingMethodAccessorImpl.java:43)
	at Autograder.main(Autograder.java:32)
23) testThreeStepsAway(GridCountingTest)junit.framework.AssertionFailedError: expected:<3> but was:<57>
	at GridCountingTest.testThreeStepsAway(GridCountingTest.java:32)
	at sun.reflect.NativeMethodAccessorImpl.invoke0(Native Method)
	at sun.reflect.NativeMethodAccessorImpl.invoke(NativeMethodAccessorImpl.java:57)
	at sun.reflect.DelegatingMethodAccessorImpl.invoke(DelegatingMethodAccessorImpl.java:43)
	at Autograder.main(Autograder.java:32)
24) testPasswordLockBreaker(InsecureTest)junit.framework.AssertionFailedError
	at InsecureTest.testPasswordLockBreaker(InsecureTest.java:16)
	at sun.reflect.NativeMethodAccessorImpl.invoke0(Native Method)
	at sun.reflect.NativeMethodAccessorImpl.invoke(NativeMethodAccessorImpl.java:57)
	at sun.reflect.DelegatingMethodAccessorImpl.invoke(DelegatingMethodAccessorImpl.java:43)
	at Autograder.main(Autograder.java:32)
25) testCountFlyingRobots(RobotLinkTest)junit.framework.AssertionFailedError: expected:<4> but was:<-1>
	at RobotLinkTest.testCountFlyingRobots(RobotLinkTest.java:38)
	at sun.reflect.NativeMethodAccessorImpl.invoke0(Native Method)
	at sun.reflect.NativeMethodAccessorImpl.invoke(NativeMethodAccessorImpl.java:57)
	at sun.reflect.DelegatingMethodAccessorImpl.invoke(DelegatingMethodAccessorImpl.java:43)
	at Autograder.main(Autograder.java:32)
26) testCountFlyingRobotsBeforeSadRobot(RobotLinkTest)junit.framework.AssertionFailedError: expected:<4> but was:<-1>
	at RobotLinkTest.testCountFlyingRobotsBeforeSadRobot(RobotLinkTest.java:43)
	at sun.reflect.NativeMethodAccessorImpl.invoke0(Native Method)
	at sun.reflect.NativeMethodAccessorImpl.invoke(NativeMethodAccessorImpl.java:57)
	at sun.reflect.DelegatingMethodAccessorImpl.invoke(DelegatingMethodAccessorImpl.java:43)
	at Autograder.main(Autograder.java:32)
27) testAppend(RobotLinkTest)junit.framework.AssertionFailedError: expected:<5> but was:<4>
	at RobotLinkTest.testAppend(RobotLinkTest.java:51)
	at sun.reflect.NativeMethodAccessorImpl.invoke0(Native Method)
	at sun.reflect.NativeMethodAccessorImpl.invoke(NativeMethodAccessorImpl.java:57)
	at sun.reflect.DelegatingMethodAccessorImpl.invoke(DelegatingMethodAccessorImpl.java:43)
	at Autograder.main(Autograder.java:32)
28) testGetFirstFlyingUnhappyRobot(RobotLinkTest)junit.framework.AssertionFailedError: expected:<(2,5):-(> but was:<null>
	at RobotLinkTest.testGetFirstFlyingUnhappyRobot(RobotLinkTest.java:56)
	at sun.reflect.NativeMethodAccessorImpl.invoke0(Native Method)
	at sun.reflect.NativeMethodAccessorImpl.invoke(NativeMethodAccessorImpl.java:57)
	at sun.reflect.DelegatingMethodAccessorImpl.invoke(DelegatingMethodAccessorImpl.java:43)
	at Autograder.main(Autograder.java:32)
29) testGetLastFlyingUnhappyRobot(RobotLinkTest)junit.framework.AssertionFailedError: expected:<(1,3):-(> but was:<null>
	at RobotLinkTest.testGetLastFlyingUnhappyRobot(RobotLinkTest.java:60)
	at sun.reflect.NativeMethodAccessorImpl.invoke0(Native Method)
	at sun.reflect.NativeMethodAccessorImpl.invoke(NativeMethodAccessorImpl.java:57)
	at sun.reflect.DelegatingMethodAccessorImpl.invoke(DelegatingMethodAccessorImpl.java:43)
	at Autograder.main(Autograder.java:32)
30) testFindHappyRobotFurthestFromHome(RobotLinkTest)junit.framework.AssertionFailedError: expected:<(4,5);-)> but was:<null>
	at RobotLinkTest.testFindHappyRobotFurthestFromHome(RobotLinkTest.java:65)
	at sun.reflect.NativeMethodAccessorImpl.invoke0(Native Method)
	at sun.reflect.NativeMethodAccessorImpl.invoke(NativeMethodAccessorImpl.java:57)
	at sun.reflect.DelegatingMethodAccessorImpl.invoke(DelegatingMethodAccessorImpl.java:43)
	at Autograder.main(Autograder.java:32)
31) testContains(RobotLinkTest)junit.framework.AssertionFailedError
	at RobotLinkTest.testContains(RobotLinkTest.java:73)
	at sun.reflect.NativeMethodAccessorImpl.invoke0(Native Method)
	at sun.reflect.NativeMethodAccessorImpl.invoke(NativeMethodAccessorImpl.java:57)
	at sun.reflect.DelegatingMethodAccessorImpl.invoke(DelegatingMethodAccessorImpl.java:43)
	at Autograder.main(Autograder.java:32)
32) testSwap(SelectionSortTest)junit.framework.AssertionFailedError
	at SelectionSortTest.testSwap(SelectionSortTest.java:25)
	at sun.reflect.NativeMethodAccessorImpl.invoke0(Native Method)
	at sun.reflect.NativeMethodAccessorImpl.invoke(NativeMethodAccessorImpl.java:57)
	at sun.reflect.DelegatingMethodAccessorImpl.invoke(DelegatingMethodAccessorImpl.java:43)
	at Autograder.main(Autograder.java:32)
33) testSort(SelectionSortTest)junit.framework.AssertionFailedError: expected:<2.0> but was:<3.0>
	at SelectionSortTest.testSort(SelectionSortTest.java:19)
	at sun.reflect.NativeMethodAccessorImpl.invoke0(Native Method)
	at sun.reflect.NativeMethodAccessorImpl.invoke(NativeMethodAccessorImpl.java:57)
	at sun.reflect.DelegatingMethodAccessorImpl.invoke(DelegatingMethodAccessorImpl.java:43)
	at Autograder.main(Autograder.java:32)
34) testFindMin(SelectionSortTest)junit.framework.AssertionFailedError: expected:<9> but was:<0>
	at SelectionSortTest.testFindMin(SelectionSortTest.java:38)
	at sun.reflect.NativeMethodAccessorImpl.invoke0(Native Method)
	at sun.reflect.NativeMethodAccessorImpl.invoke(NativeMethodAccessorImpl.java:57)
	at sun.reflect.DelegatingMethodAccessorImpl.invoke(DelegatingMethodAccessorImpl.java:43)
	at Autograder.main(Autograder.java:32)
35) testAuthorshipOfAllFiles(SelectionSortTest)junit.framework.AssertionFailedError: Fix @authorship in BinarySearch.java GridCounting.java MazeRunner.java MolecularSort.java RecursiveKnight.java RobotLink.java SelectionSort.java
	at SelectionSortTest.testAuthorshipOfAllFiles(SelectionSortTest.java:60)
	at sun.reflect.NativeMethodAccessorImpl.invoke0(Native Method)
	at sun.reflect.NativeMethodAccessorImpl.invoke(NativeMethodAccessorImpl.java:57)
	at sun.reflect.DelegatingMethodAccessorImpl.invoke(DelegatingMethodAccessorImpl.java:43)
	at Autograder.main(Autograder.java:32)

FAILURES!!!
Tests run: 42,  Failures: 35,  Errors: 6

1 passed out of 42
Score=1
