........E.E...................
Time: 0.088
There were 2 errors:
1) testPositionShift(CaesarCipherTest)java.lang.IllegalArgumentException: Attempt to read past end-of-file in standard input???
	at TextIO.readChar(TextIO.java:1024)
	at TextIO.errorMessage(TextIO.java:988)
	at TextIO.readInteger(TextIO.java:949)
	at TextIO.getInt(TextIO.java:673)
	at TextIO.getlnInt(TextIO.java:519)
	at CaesarCipher.main(CaesarCipher.java:23)
	at CaesarCipherTest.testPositionShift(CaesarCipherTest.java:98)
	at sun.reflect.NativeMethodAccessorImpl.invoke0(Native Method)
	at sun.reflect.NativeMethodAccessorImpl.invoke(NativeMethodAccessorImpl.java:57)
	at sun.reflect.DelegatingMethodAccessorImpl.invoke(DelegatingMethodAccessorImpl.java:43)
	at AutomaticScoreCheck.main(AutomaticScoreCheck.java:23)
2) testDecodePositionShift(CaesarCipherTest)java.lang.IllegalArgumentException: Attempt to read past end-of-file in standard input???
	at TextIO.readChar(TextIO.java:1024)
	at TextIO.errorMessage(TextIO.java:988)
	at TextIO.readInteger(TextIO.java:949)
	at TextIO.getInt(TextIO.java:673)
	at TextIO.getlnInt(TextIO.java:519)
	at CaesarCipher.main(CaesarCipher.java:23)
	at CaesarCipherTest.testDecodePositionShift(CaesarCipherTest.java:117)
	at sun.reflect.NativeMethodAccessorImpl.invoke0(Native Method)
	at sun.reflect.NativeMethodAccessorImpl.invoke(NativeMethodAccessorImpl.java:57)
	at sun.reflect.DelegatingMethodAccessorImpl.invoke(DelegatingMethodAccessorImpl.java:43)
	at AutomaticScoreCheck.main(AutomaticScoreCheck.java:23)

FAILURES!!!
Tests run: 28,  Failures: 0,  Errors: 2

26 passed out of 28
Score=92
